This file contains any messages produced by compilers while
running configure, to aid debugging if configure makes a mistake.

It was created by configure, which was
generated by GNU Autoconf 2.69.  Invocation command line was

  $ ../apr-util-1.6.1/configure --prefix=/home/guido/test --with-apr=/home/guido/test

## --------- ##
## Platform. ##
## --------- ##

hostname = asusrog
uname -m = x86_64
uname -r = 4.13.0-37-generic
uname -s = Linux
uname -v = #42~16.04.1-Ubuntu SMP Wed Mar 7 16:03:28 UTC 2018

/usr/bin/uname -p = unknown
/bin/uname -X     = unknown

/bin/arch              = unknown
/usr/bin/arch -k       = unknown
/usr/convex/getsysinfo = unknown
/usr/bin/hostinfo      = unknown
/bin/machine           = unknown
/usr/bin/oslevel       = unknown
/bin/universe          = unknown

PATH: /home/guido/test/bin
PATH: /home/guido/perl5/bin
PATH: /home/guido/tools_galacticus/bin
PATH: /home/guido/anaconda3/bin
PATH: /home/guido/yt-conda/bin
PATH: /home/guido/bin
PATH: /home/guido/.local/bin
PATH: /usr/local/sbin
PATH: /usr/local/bin
PATH: /usr/sbin
PATH: /usr/bin
PATH: /sbin
PATH: /bin
PATH: /usr/games
PATH: /usr/local/games
PATH: /snap/bin
PATH: /home/guido/flash_dir/libraries/hdf5-1.8/bin


## ----------- ##
## Core tests. ##
## ----------- ##

configure:2594: checking build system type
configure:2608: result: x86_64-pc-linux-gnu
configure:2628: checking host system type
configure:2641: result: x86_64-pc-linux-gnu
configure:2661: checking target system type
configure:2674: result: x86_64-pc-linux-gnu
configure:2716: checking for a BSD-compatible install
configure:2784: result: /usr/bin/install -c
configure:2819: checking for working mkdir -p
configure:2835: result: yes
configure:2929: checking for chosen layout
configure:2931: result: apr-util
configure:3103: checking for gcc
configure:3130: result: gcc
configure:3359: checking for C compiler version
configure:3368: gcc --version >&5
gcc (GCC) 8.0.1 20180220 (experimental)
Copyright (C) 2018 Free Software Foundation, Inc.
This is free software; see the source for copying conditions.  There is NO
warranty; not even for MERCHANTABILITY or FITNESS FOR A PARTICULAR PURPOSE.

configure:3379: $? = 0
configure:3368: gcc -v >&5
Using built-in specs.
COLLECT_GCC=gcc
COLLECT_LTO_WRAPPER=/home/guido/tools_galacticus/libexec/gcc/x86_64-pc-linux-gnu/8.0.1/lto-wrapper
Target: x86_64-pc-linux-gnu
Configured with: ../trunk/configure --prefix=/home/guido/tools_galacticus --enable-languages=c++,c,fortran --disable-multilib : (reconfigured) ../trunk/configure --prefix=/home/guido/tools_galacticus --enable-languages=c++,c,fortran --disable-multilib : (reconfigured) ../trunk/configure --prefix=/home/guido/tools_galacticus --enable-languages=c++,c,fortran --disable-multilib : (reconfigured) ../trunk/configure --prefix=/home/guido/tools_galacticus --enable-languages=c++,c,fortran --disable-multilib : (reconfigured) ../trunk/configure --prefix=/home/guido/tools_galacticus --enable-languages=c++,c,fortran --disable-multilib
Thread model: posix
gcc version 8.0.1 20180220 (experimental) (GCC) 
configure:3379: $? = 0
configure:3368: gcc -V >&5
gcc: error: unrecognized command line option '-V'
gcc: fatal error: no input files
compilation terminated.
configure:3379: $? = 1
configure:3368: gcc -qversion >&5
gcc: error: unrecognized command line option '-qversion'; did you mean '--version'?
gcc: fatal error: no input files
compilation terminated.
configure:3379: $? = 1
configure:3399: checking whether the C compiler works
configure:3421: gcc   -L/home/guido/test/lib:/home/guido/test/lib64 conftest.c  >&5
configure:3425: $? = 0
configure:3473: result: yes
configure:3476: checking for C compiler default output file name
configure:3478: result: a.out
configure:3484: checking for suffix of executables
configure:3491: gcc -o conftest   -L/home/guido/test/lib:/home/guido/test/lib64 conftest.c  >&5
configure:3495: $? = 0
configure:3517: result: 
configure:3539: checking whether we are cross compiling
configure:3547: gcc -o conftest   -L/home/guido/test/lib:/home/guido/test/lib64 conftest.c  >&5
configure:3551: $? = 0
configure:3558: ./conftest
configure:3562: $? = 0
configure:3577: result: no
configure:3582: checking for suffix of object files
configure:3604: gcc -c   conftest.c >&5
configure:3608: $? = 0
configure:3629: result: o
configure:3633: checking whether we are using the GNU C compiler
configure:3652: gcc -c   conftest.c >&5
configure:3652: $? = 0
configure:3661: result: yes
configure:3670: checking whether gcc accepts -g
configure:3690: gcc -c -g  conftest.c >&5
configure:3690: $? = 0
configure:3731: result: yes
configure:3748: checking for gcc option to accept ISO C89
configure:3811: gcc  -c -g -O2  conftest.c >&5
configure:3811: $? = 0
configure:3824: result: none needed
configure:4001: checking for APR
configure:4030: error: the --with-apr parameter is incorrect. It must specify an install prefix, a build directory, or an apr-config file.

## ---------------- ##
## Cache variables. ##
## ---------------- ##

ac_cv_build=x86_64-pc-linux-gnu
ac_cv_c_compiler_gnu=yes
ac_cv_env_CC_set=set
ac_cv_env_CC_value=gcc
ac_cv_env_CFLAGS_set=
ac_cv_env_CFLAGS_value=
ac_cv_env_CPPFLAGS_set=
ac_cv_env_CPPFLAGS_value=
ac_cv_env_CPP_set=
ac_cv_env_CPP_value=
ac_cv_env_LDFLAGS_set=set
ac_cv_env_LDFLAGS_value=-L/home/guido/test/lib:/home/guido/test/lib64
ac_cv_env_LIBS_set=
ac_cv_env_LIBS_value=
ac_cv_env_build_alias_set=
ac_cv_env_build_alias_value=
ac_cv_env_host_alias_set=
ac_cv_env_host_alias_value=
ac_cv_env_target_alias_set=
ac_cv_env_target_alias_value=
ac_cv_host=x86_64-pc-linux-gnu
ac_cv_mkdir_p=yes
ac_cv_objext=o
ac_cv_path_install='/usr/bin/install -c'
ac_cv_prog_ac_ct_CC=gcc
ac_cv_prog_cc_c89=
ac_cv_prog_cc_g=yes
ac_cv_target=x86_64-pc-linux-gnu

## ----------------- ##
## Output variables. ##
## ----------------- ##

APRUTIL_DOTTED_VERSION='1.6.1'
APRUTIL_EXPORT_LIBS=''
APRUTIL_INCLUDES=''
APRUTIL_LDFLAGS=''
APRUTIL_LIBNAME=''
APRUTIL_LIBS=''
APRUTIL_MAJOR_VERSION='1'
APRUTIL_PRIV_INCLUDES='-I/home/guido/gfortran_install/galacticusInstallWork/apr-util-1.6.1/include -I/home/guido/gfortran_install/galacticusInstallWork/apr-util-1.6.1/include/private'
APR_BUILD_DIR=''
APR_ICONV_DIR=''
APR_INCLUDES=''
APR_LIBS=''
APU_CONFIG_LOCATION='source'
APU_DSO_LIBDIR=''
APU_HAVE_MODULES=''
APU_LTVERSION='-version-info 6:1:6'
APU_MODULES=''
CC='gcc'
CFLAGS='-g -O2'
CPP=''
CPPFLAGS=''
DEFS=''
ECHO_C=''
ECHO_N='-n'
ECHO_T=''
EGREP=''
EXEEXT=''
EXTRA_OBJECTS=''
GREP=''
INCLUDE_OUTPUTS=''
INCLUDE_RULES=''
INSTALL_DATA='${INSTALL} -m 644'
INSTALL_PROGRAM='${INSTALL}'
INSTALL_SCRIPT='${INSTALL}'
LDADD_crypto_commoncrypto=''
LDADD_crypto_nss=''
LDADD_crypto_openssl=''
LDADD_dbd_mysql=''
LDADD_dbd_odbc=''
LDADD_dbd_oracle=''
LDADD_dbd_pgsql=''
LDADD_dbd_sqlite2=''
LDADD_dbd_sqlite3=''
LDADD_dbm_db=''
LDADD_dbm_gdbm=''
LDADD_dbm_ndbm=''
LDADD_ldap=''
LDFLAGS='-L/home/guido/test/lib:/home/guido/test/lib64'
LIBOBJS=''
LIBS=''
LTLIBOBJS=''
LT_NO_INSTALL='-no-install'
MYSQL_CONFIG=''
OBJEXT='o'
ODBC_CONFIG=''
PACKAGE_BUGREPORT=''
PACKAGE_NAME=''
PACKAGE_STRING=''
PACKAGE_TARNAME=''
PACKAGE_URL=''
PACKAGE_VERSION=''
PATH_SEPARATOR=':'
PGSQL_CONFIG=''
PKG_CONFIG=''
SHELL='/bin/bash'
abs_builddir='/home/guido/gfortran_install/galacticusInstallWork/apr-util-1.6.1'
abs_srcdir='/home/guido/gfortran_install/galacticusInstallWork/apr-util-1.6.1'
ac_ct_CC='gcc'
apr_shlibpath_var=''
apu_db_header=''
apu_db_version=''
apu_dbd_tests=''
apu_has_ldap=''
apu_has_ldap_microsoft=''
apu_has_ldap_mozilla=''
apu_has_ldap_netscape=''
apu_has_ldap_novell=''
apu_has_ldap_openldap=''
apu_has_ldap_other=''
apu_has_ldap_solaris=''
apu_has_ldap_sslinit=''
apu_has_ldap_start_tls_s=''
apu_has_ldap_tivoli=''
apu_has_ldap_zos=''
apu_has_ldapssl_add_trusted_cert=''
apu_has_ldapssl_client_deinit=''
apu_has_ldapssl_client_init=''
apu_has_ldapssl_init=''
apu_has_ldapssl_install_routines=''
apu_have_commoncrypto=''
apu_have_crypto=''
apu_have_db=''
apu_have_gdbm=''
apu_have_mysql=''
apu_have_ndbm=''
apu_have_nss=''
apu_have_odbc=''
apu_have_openssl=''
apu_have_oracle=''
apu_have_pgsql=''
apu_have_sdbm=''
apu_have_sqlite2=''
apu_have_sqlite3=''
apu_use_db=''
apu_use_gdbm=''
apu_use_ndbm=''
apu_use_sdbm=''
bindir='${exec_prefix}/bin'
build='x86_64-pc-linux-gnu'
build_alias=''
build_cpu='x86_64'
build_os='linux-gnu'
build_vendor='pc'
datadir='${prefix}'
datarootdir='${prefix}/share'
docdir='${datarootdir}/doc/${PACKAGE}'
dvidir='${docdir}'
exec_prefix='${prefix}'
have_apr_iconv=''
have_iconv=''
host='x86_64-pc-linux-gnu'
host_alias=''
host_cpu='x86_64'
host_os='linux-gnu'
host_vendor='pc'
htmldir='${docdir}'
includedir='${prefix}/include/apr-${APRUTIL_MAJOR_VERSION}'
infodir='${datarootdir}/info'
lber_h=''
ldap_h=''
ldap_ssl_h=''
lib_target=''
libdir='${exec_prefix}/lib'
libexecdir='${exec_prefix}/modules'
localedir='${datarootdir}/locale'
localstatedir='${prefix}'
mandir='${prefix}/man'
oldincludedir='/usr/include'
pdfdir='${docdir}'
prefix='/home/guido/test'
program_transform_name='s,x,x,'
psdir='${docdir}'
sbindir='${exec_prefix}/bin'
sharedstatedir='${prefix}/com'
so_ext=''
sysconfdir='${prefix}/conf'
target='x86_64-pc-linux-gnu'
target_alias=''
target_cpu='x86_64'
target_os='linux-gnu'
target_vendor='pc'
top_builddir='/home/guido/gfortran_install/galacticusInstallWork/apr-util-1.6.1'

## ----------- ##
## confdefs.h. ##
## ----------- ##

/* confdefs.h */
#define PACKAGE_NAME ""
#define PACKAGE_TARNAME ""
#define PACKAGE_VERSION ""
#define PACKAGE_STRING ""
#define PACKAGE_BUGREPORT ""
#define PACKAGE_URL ""

configure: exit 1
